<?xml version="1.0" encoding="UTF-8"?>
<!-- Generated by org.testng.reporters.JUnitXMLReporter -->
<testsuite hostname="DESKTOP-4G1LLGF" ignored="0" name="Login Test" tests="1" failures="1" timestamp="18 Dec 2020 22:09:36 GMT" time="1.496" errors="0">
  <testcase name="verifyLogin" time="0.886" classname="testcases.TC001_LoginVerify">
    <failure type="java.lang.AssertionError" message="expected [Zero - Account Summary] but found [Zero - Log in]">
      <![CDATA[java.lang.AssertionError: expected [Zero - Account Summary] but found [Zero - Log in]
	at testcases.TC001_LoginVerify.verifyLogin(TC001_LoginVerify.java:41)
... Removed 35 stack frames]]>
    </failure>
  </testcase> <!-- verifyLogin -->
</testsuite> <!-- Login Test -->
