<?xml version="1.0" encoding="UTF-8"?>
<testng-results skipped="0" failed="0" ignored="0" total="1" passed="1">
  <reporter-output>
  </reporter-output>
  <suite name="FunctionalTestingZeroBank" duration-ms="2562" started-at="2020-12-18T21:43:11Z" finished-at="2020-12-18T21:43:13Z">
    <groups>
    </groups>
    <test name="Login Test" duration-ms="2562" started-at="2020-12-18T21:43:11Z" finished-at="2020-12-18T21:43:13Z">
      <class name="rough.readingexcel">
        <test-method status="PASS" signature="init()[pri:0, instance:rough.readingexcel@1a04f701]" name="init" is-config="true" duration-ms="6332" started-at="2020-12-18T16:43:04Z" finished-at="2020-12-18T16:43:11Z">
          <reporter-output>
          </reporter-output>
        </test-method> <!-- init -->
        <test-method status="PASS" signature="verifyLogin1()[pri:0, instance:rough.readingexcel@1a04f701]" name="verifyLogin1" duration-ms="2322" started-at="2020-12-18T16:43:11Z" finished-at="2020-12-18T16:43:13Z">
          <reporter-output>
          </reporter-output>
        </test-method> <!-- verifyLogin1 -->
        <test-method status="PASS" signature="tearDown()[pri:0, instance:rough.readingexcel@1a04f701]" name="tearDown" is-config="true" duration-ms="787" started-at="2020-12-18T16:43:13Z" finished-at="2020-12-18T16:43:14Z">
          <reporter-output>
          </reporter-output>
        </test-method> <!-- tearDown -->
      </class> <!-- rough.readingexcel -->
    </test> <!-- Login Test -->
  </suite> <!-- FunctionalTestingZeroBank -->
</testng-results>
